2023-11-24 14:48:49,383 - __main__ - INFO - Creating an instance of KnowledgeBase.
2023-11-24 14:48:49,385 - __main__ - INFO - Loading the train sets.
2023-11-24 14:48:49,417 - __main__ - INFO - Loading the validation sets.
2023-11-24 14:48:49,428 - __main__ - INFO - Loading test sets.
2023-11-24 14:48:49,509 - __main__ - INFO - Loading scalers.
2023-11-24 14:48:49,513 - __main__ - INFO - Loading one hot encoders.
2023-11-24 14:48:49,516 - __main__ - INFO - Loading test pca encoders.
2023-11-24 14:48:49,518 - __main__ - INFO - Loading existing models.
2023-11-24 14:57:23,473 - __main__ - INFO - Creating an instance of KnowledgeBase.
2023-11-24 14:57:23,474 - __main__ - INFO - Loading the train sets.
2023-11-24 14:57:23,495 - __main__ - INFO - Loading the validation sets.
2023-11-24 14:57:23,539 - __main__ - INFO - Loading test sets.
2023-11-24 14:57:23,638 - __main__ - INFO - Loading scalers.
2023-11-24 14:57:23,640 - __main__ - INFO - Loading one hot encoders.
2023-11-24 14:57:23,642 - __main__ - INFO - Loading test pca encoders.
2023-11-24 14:57:23,644 - __main__ - INFO - Loading existing models.
2023-11-24 15:03:22,446 - __main__ - INFO - Creating an instance of KnowledgeBase.
2023-11-24 15:03:22,446 - __main__ - INFO - Loading the train sets.
2023-11-24 15:03:22,467 - __main__ - INFO - Loading the validation sets.
2023-11-24 15:03:22,474 - __main__ - INFO - Loading test sets.
2023-11-24 15:03:22,561 - __main__ - INFO - Loading scalers.
2023-11-24 15:03:22,564 - __main__ - INFO - Loading one hot encoders.
2023-11-24 15:03:22,566 - __main__ - INFO - Loading test pca encoders.
2023-11-24 15:03:22,568 - __main__ - INFO - Loading existing models.
2023-11-24 15:03:32,966 - __main__ - INFO - Reconnecting after 1 seconds
2023-11-24 15:03:33,967 - __main__ - INFO - Loading the train sets.
2023-11-24 15:03:33,985 - __main__ - INFO - Loading the validation sets.
2023-11-24 15:03:33,989 - __main__ - INFO - Loading test sets.
2023-11-24 15:03:34,082 - __main__ - INFO - Loading scalers.
2023-11-24 15:03:34,083 - __main__ - INFO - Loading one hot encoders.
2023-11-24 15:03:34,084 - __main__ - INFO - Loading test pca encoders.
2023-11-24 15:03:34,086 - __main__ - INFO - Loading existing models.
2023-11-24 15:03:44,333 - __main__ - INFO - Reconnecting after 2 seconds
2023-11-24 15:03:46,334 - __main__ - INFO - Loading the train sets.
2023-11-24 15:03:46,353 - __main__ - INFO - Loading the validation sets.
2023-11-24 15:03:46,359 - __main__ - INFO - Loading test sets.
2023-11-24 15:03:46,449 - __main__ - INFO - Loading scalers.
2023-11-24 15:03:46,451 - __main__ - INFO - Loading one hot encoders.
2023-11-24 15:03:46,453 - __main__ - INFO - Loading test pca encoders.
2023-11-24 15:03:46,455 - __main__ - INFO - Loading existing models.
2023-11-24 15:40:37,572 - __main__ - INFO - Creating an instance of KnowledgeBase.
2023-11-24 15:40:37,574 - __main__ - INFO - Loading the train sets.
2023-11-24 15:40:37,591 - __main__ - INFO - Loading the validation sets.
2023-11-24 15:40:37,596 - __main__ - INFO - Loading test sets.
2023-11-24 15:40:37,678 - __main__ - INFO - Loading scalers.
2023-11-24 15:40:37,681 - __main__ - INFO - Loading one hot encoders.
2023-11-24 15:40:37,682 - __main__ - INFO - Loading test pca encoders.
2023-11-24 15:40:37,685 - __main__ - INFO - Loading existing models.
2023-11-24 15:40:40,907 - __main__ - INFO - Reconnecting after 1 seconds
2023-11-24 15:40:41,908 - __main__ - INFO - Loading the train sets.
2023-11-24 15:40:41,932 - __main__ - INFO - Loading the validation sets.
2023-11-24 15:40:41,939 - __main__ - INFO - Loading test sets.
2023-11-24 15:40:42,022 - __main__ - INFO - Loading scalers.
2023-11-24 15:40:42,025 - __main__ - INFO - Loading one hot encoders.
2023-11-24 15:40:42,026 - __main__ - INFO - Loading test pca encoders.
2023-11-24 15:40:42,027 - __main__ - INFO - Loading existing models.
2023-11-24 15:40:45,123 - __main__ - INFO - Reconnecting after 2 seconds
2023-11-24 15:40:47,124 - __main__ - INFO - Loading the train sets.
2023-11-24 15:40:47,142 - __main__ - INFO - Loading the validation sets.
2023-11-24 15:40:47,148 - __main__ - INFO - Loading test sets.
2023-11-24 15:40:47,247 - __main__ - INFO - Loading scalers.
2023-11-24 15:40:47,249 - __main__ - INFO - Loading one hot encoders.
2023-11-24 15:40:47,251 - __main__ - INFO - Loading test pca encoders.
2023-11-24 15:40:47,252 - __main__ - INFO - Loading existing models.
2023-11-24 15:40:50,544 - __main__ - INFO - Reconnecting after 3 seconds
2023-11-24 15:40:53,545 - __main__ - INFO - Loading the train sets.
2023-11-24 15:40:53,577 - __main__ - INFO - Loading the validation sets.
2023-11-24 15:40:53,585 - __main__ - INFO - Loading test sets.
2023-11-24 15:40:53,672 - __main__ - INFO - Loading scalers.
2023-11-24 15:40:53,674 - __main__ - INFO - Loading one hot encoders.
2023-11-24 15:40:53,675 - __main__ - INFO - Loading test pca encoders.
2023-11-24 15:40:53,677 - __main__ - INFO - Loading existing models.
2023-11-24 15:44:58,042 - __main__ - INFO - Creating an instance of KnowledgeBase.
2023-11-24 15:44:58,042 - __main__ - INFO - Loading the train sets.
2023-11-24 15:44:58,066 - __main__ - INFO - Loading the validation sets.
2023-11-24 15:44:58,071 - __main__ - INFO - Loading test sets.
2023-11-24 15:44:58,143 - __main__ - INFO - Loading scalers.
2023-11-24 15:44:58,146 - __main__ - INFO - Loading one hot encoders.
2023-11-24 15:44:58,148 - __main__ - INFO - Loading test pca encoders.
2023-11-24 15:44:58,150 - __main__ - INFO - Loading existing models.
2023-11-24 15:45:08,262 - __main__ - INFO - Reconnecting after 1 seconds
2023-11-24 15:45:09,264 - __main__ - INFO - Loading the train sets.
2023-11-24 15:45:09,293 - __main__ - INFO - Loading the validation sets.
2023-11-24 15:45:09,301 - __main__ - INFO - Loading test sets.
2023-11-24 15:45:09,396 - __main__ - INFO - Loading scalers.
2023-11-24 15:45:09,399 - __main__ - INFO - Loading one hot encoders.
2023-11-24 15:45:09,400 - __main__ - INFO - Loading test pca encoders.
2023-11-24 15:45:09,401 - __main__ - INFO - Loading existing models.
2023-11-24 15:49:48,530 - __main__ - INFO - Creating an instance of KnowledgeBase.
2023-11-24 15:49:48,530 - __main__ - INFO - Loading the train sets.
2023-11-24 15:49:48,558 - __main__ - INFO - Loading the validation sets.
2023-11-24 15:49:48,565 - __main__ - INFO - Loading test sets.
2023-11-24 15:49:48,658 - __main__ - INFO - Loading scalers.
2023-11-24 15:49:48,661 - __main__ - INFO - Loading one hot encoders.
2023-11-24 15:49:48,662 - __main__ - INFO - Loading test pca encoders.
2023-11-24 15:49:48,664 - __main__ - INFO - Loading existing models.
2023-11-24 16:01:42,426 - __main__ - INFO - Creating an instance of KnowledgeBase.
2023-11-24 16:01:42,524 - __main__ - INFO - Training new models.
2023-11-24 16:04:23,285 - __main__ - INFO - Creating an instance of KnowledgeBase.
2023-11-24 16:04:23,385 - __main__ - INFO - Loading existing models.
