2023-11-24 14:48:49,382 - KBConnectionHandler - INFO - Creating an instance of KnowledgeBase connection handler.
2023-11-24 14:57:23,473 - KBConnectionHandler - INFO - Creating an instance of KnowledgeBase connection handler.
2023-11-24 15:03:22,445 - KBConnectionHandler - INFO - Creating an instance of KnowledgeBase connection handler.
2023-11-24 15:03:25,774 - KBConnectionHandler - INFO - Connecting to http://localhost:15672/#/
2023-11-24 15:03:32,927 - KBConnectionHandler - ERROR - Connection open failed: StreamLostError: ('Transport indicated EOF',)
2023-11-24 15:03:32,927 - KBConnectionHandler - INFO - Stopping
2023-11-24 15:03:32,965 - KBConnectionHandler - INFO - Stopped
2023-11-24 15:03:37,273 - KBConnectionHandler - INFO - Connecting to http://localhost:15672/#/
2023-11-24 15:03:44,332 - KBConnectionHandler - ERROR - Connection open failed: StreamLostError: ('Transport indicated EOF',)
2023-11-24 15:03:44,332 - KBConnectionHandler - INFO - Stopping
2023-11-24 15:03:44,332 - KBConnectionHandler - INFO - Stopped
2023-11-24 15:40:37,572 - KBConnectionHandler - INFO - Creating an instance of KnowledgeBase connection handler.
2023-11-24 15:40:40,890 - KBConnectionHandler - INFO - Connecting to amqp://guest:guest@localhost:5672/virtual_host
2023-11-24 15:40:40,906 - KBConnectionHandler - ERROR - Connection open failed: ConnectionClosedByBroker: (530) 'NOT_ALLOWED - vhost virtual_host not found'
2023-11-24 15:40:40,906 - KBConnectionHandler - INFO - Stopping
2023-11-24 15:40:40,906 - KBConnectionHandler - INFO - Stopped
2023-11-24 15:40:45,115 - KBConnectionHandler - INFO - Connecting to amqp://guest:guest@localhost:5672/virtual_host
2023-11-24 15:40:45,122 - KBConnectionHandler - ERROR - Connection open failed: ConnectionClosedByBroker: (530) 'NOT_ALLOWED - vhost virtual_host not found'
2023-11-24 15:40:45,122 - KBConnectionHandler - INFO - Stopping
2023-11-24 15:40:45,122 - KBConnectionHandler - INFO - Stopped
2023-11-24 15:40:50,535 - KBConnectionHandler - INFO - Connecting to amqp://guest:guest@localhost:5672/virtual_host
2023-11-24 15:40:50,543 - KBConnectionHandler - ERROR - Connection open failed: ConnectionClosedByBroker: (530) 'NOT_ALLOWED - vhost virtual_host not found'
2023-11-24 15:40:50,543 - KBConnectionHandler - INFO - Stopping
2023-11-24 15:40:50,543 - KBConnectionHandler - INFO - Stopped
2023-11-24 15:44:58,041 - KBConnectionHandler - INFO - Creating an instance of KnowledgeBase connection handler.
2023-11-24 15:45:01,213 - KBConnectionHandler - INFO - Connecting to amqp://guest:guest@localhost:15672/#/
2023-11-24 15:45:08,261 - KBConnectionHandler - ERROR - Connection open failed: StreamLostError: ('Transport indicated EOF',)
2023-11-24 15:45:08,261 - KBConnectionHandler - INFO - Stopping
2023-11-24 15:45:08,261 - KBConnectionHandler - INFO - Stopped
2023-11-24 15:49:48,529 - KBConnectionHandler - INFO - Creating an instance of KnowledgeBase connection handler.
2023-11-24 15:49:51,822 - KBConnectionHandler - INFO - Connecting to amqp://guest:guest@host:5672/
2023-11-24 15:49:54,541 - KBConnectionHandler - INFO - Connection opened
2023-11-24 15:49:54,541 - KBConnectionHandler - INFO - Creating a new channel
2023-11-24 15:49:54,545 - KBConnectionHandler - INFO - Channel opened
2023-11-24 15:49:54,545 - KBConnectionHandler - INFO - Adding channel close callback
2023-11-24 15:49:54,546 - KBConnectionHandler - INFO - Declaring exchange: message
2023-11-24 15:49:54,548 - KBConnectionHandler - INFO - Exchange declared: message
2023-11-24 15:49:54,548 - KBConnectionHandler - INFO - Declaring queue text
2023-11-24 15:49:54,551 - KBConnectionHandler - INFO - Binding message to text with example.text
2023-11-24 15:49:54,552 - KBConnectionHandler - INFO - Queue bound: text
2023-11-24 15:49:54,553 - KBConnectionHandler - INFO - QOS set to: 1
2023-11-24 15:49:54,553 - KBConnectionHandler - INFO - Issuing consumer related RPC commands
2023-11-24 15:49:54,553 - KBConnectionHandler - INFO - Adding consumer cancellation callback
2023-11-24 16:01:42,425 - KBConnectionHandler - INFO - Creating an instance of KnowledgeBase connection handler.
2023-11-24 16:04:23,283 - KBConnectionHandler - INFO - Creating an instance of KnowledgeBase connection handler.
2023-11-24 16:04:26,467 - KBConnectionHandler - INFO - Connecting to amqp://guest:guest@host:5672/
2023-11-24 16:04:29,195 - KBConnectionHandler - INFO - Connection opened
2023-11-24 16:04:29,195 - KBConnectionHandler - INFO - Creating a new channel
2023-11-24 16:04:29,196 - KBConnectionHandler - INFO - Channel opened
2023-11-24 16:04:29,196 - KBConnectionHandler - INFO - Adding channel close callback
2023-11-24 16:04:29,196 - KBConnectionHandler - INFO - Declaring exchange: message
2023-11-24 16:04:29,197 - KBConnectionHandler - INFO - Exchange declared: message
2023-11-24 16:04:29,197 - KBConnectionHandler - INFO - Declaring queue text
2023-11-24 16:04:29,199 - KBConnectionHandler - INFO - Binding message to text with example.text
2023-11-24 16:04:29,199 - KBConnectionHandler - INFO - Queue bound: text
2023-11-24 16:04:29,200 - KBConnectionHandler - INFO - QOS set to: 1
2023-11-24 16:04:29,200 - KBConnectionHandler - INFO - Issuing consumer related RPC commands
2023-11-24 16:04:29,200 - KBConnectionHandler - INFO - Adding consumer cancellation callback
2023-11-24 16:07:44,220 - KBConnectionHandler - INFO - Stopping
2023-11-24 16:07:44,220 - KBConnectionHandler - INFO - Sending a Basic.Cancel RPC command to RabbitMQ
2023-11-24 16:07:44,222 - KBConnectionHandler - INFO - RabbitMQ acknowledged the cancellation of the consumer: ctag1.3adc224e734b4bb998befbb7fd94333d
2023-11-24 16:07:44,222 - KBConnectionHandler - INFO - Closing the channel
2023-11-24 16:07:44,223 - KBConnectionHandler - WARNING - Channel 1 was closed: (0, 'Normal shutdown')
2023-11-24 16:07:44,224 - KBConnectionHandler - INFO - Closing connection
2023-11-24 16:07:44,225 - KBConnectionHandler - INFO - Stopped
