2023-11-14 20:50:41,374 - KnowledgeBase - INFO - Creating an instance of KnowledgeBase.
2023-11-14 20:50:41,374 - KnowledgeBase - INFO - Loading the train sets.
2023-11-14 20:50:41,402 - KnowledgeBase - INFO - Loading the validation sets.
2023-11-14 20:50:41,410 - KnowledgeBase - INFO - Loading test sets.
2023-11-14 20:50:41,518 - KnowledgeBase - INFO - Loading scalers.
2023-11-14 20:50:41,520 - KnowledgeBase - INFO - Loading one hot encoders.
2023-11-14 20:50:41,522 - KnowledgeBase - INFO - Loading test pca encoders.
2023-11-14 20:50:41,523 - KnowledgeBase - INFO - Loading existing models.
2023-11-14 20:55:56,618 - KnowledgeBase - INFO - Creating an instance of KnowledgeBase.
2023-11-14 20:55:56,619 - KnowledgeBase - INFO - Loading the train sets.
2023-11-14 20:55:56,637 - KnowledgeBase - INFO - Loading the validation sets.
2023-11-14 20:55:56,642 - KnowledgeBase - INFO - Loading test sets.
2023-11-14 20:55:56,728 - KnowledgeBase - INFO - Loading scalers.
2023-11-14 20:55:56,730 - KnowledgeBase - INFO - Loading one hot encoders.
2023-11-14 20:55:56,731 - KnowledgeBase - INFO - Loading test pca encoders.
2023-11-14 20:55:56,733 - KnowledgeBase - INFO - Loading existing models.
2023-11-16 17:40:29,410 - KnowledgeBase - INFO - Creating an instance of KnowledgeBase.
2023-11-16 17:40:29,411 - KnowledgeBase - INFO - Loading the train sets.
2023-11-16 17:40:29,444 - KnowledgeBase - INFO - Loading the validation sets.
2023-11-16 17:40:29,455 - KnowledgeBase - INFO - Loading test sets.
2023-11-16 17:40:29,536 - KnowledgeBase - INFO - Loading scalers.
2023-11-16 17:40:29,540 - KnowledgeBase - INFO - Loading one hot encoders.
2023-11-16 17:40:29,542 - KnowledgeBase - INFO - Loading test pca encoders.
2023-11-16 17:40:29,546 - KnowledgeBase - INFO - Loading existing models.
2023-11-20 13:42:11,192 - KnowledgeBase - INFO - Creating an instance of KnowledgeBase.
2023-11-20 13:42:11,195 - KnowledgeBase - INFO - Loading the train sets.
2023-11-20 13:42:11,233 - KnowledgeBase - INFO - Loading the validation sets.
2023-11-20 13:42:11,247 - KnowledgeBase - INFO - Loading test sets.
2023-11-20 13:42:11,336 - KnowledgeBase - INFO - Loading scalers.
2023-11-20 13:42:11,341 - KnowledgeBase - INFO - Loading one hot encoders.
2023-11-20 13:42:11,343 - KnowledgeBase - INFO - Loading test pca encoders.
2023-11-20 13:42:11,348 - KnowledgeBase - INFO - Loading existing models.
2023-11-20 18:16:08,484 - KnowledgeBase - INFO - Creating an instance of KnowledgeBase.
2023-11-20 18:16:08,485 - KnowledgeBase - INFO - Loading the train sets.
2023-11-20 18:16:08,502 - KnowledgeBase - INFO - Loading the validation sets.
2023-11-20 18:16:08,508 - KnowledgeBase - INFO - Loading test sets.
2023-11-20 18:16:08,608 - KnowledgeBase - INFO - Loading scalers.
2023-11-20 18:16:08,611 - KnowledgeBase - INFO - Loading one hot encoders.
2023-11-20 18:16:08,612 - KnowledgeBase - INFO - Loading test pca encoders.
2023-11-20 18:16:08,615 - KnowledgeBase - INFO - Loading existing models.
2023-11-20 18:19:03,815 - KnowledgeBase - INFO - Creating an instance of KnowledgeBase.
2023-11-20 18:19:03,816 - KnowledgeBase - INFO - Loading the train sets.
2023-11-20 18:19:03,832 - KnowledgeBase - INFO - Loading the validation sets.
2023-11-20 18:19:03,836 - KnowledgeBase - INFO - Loading test sets.
2023-11-20 18:19:03,915 - KnowledgeBase - INFO - Loading scalers.
2023-11-20 18:19:03,918 - KnowledgeBase - INFO - Loading one hot encoders.
2023-11-20 18:19:03,920 - KnowledgeBase - INFO - Loading test pca encoders.
2023-11-20 18:19:03,921 - KnowledgeBase - INFO - Loading existing models.
2023-11-20 18:20:01,496 - KnowledgeBase - INFO - Creating an instance of KnowledgeBase.
2023-11-20 18:20:01,496 - KnowledgeBase - INFO - Loading the train sets.
2023-11-20 18:20:01,514 - KnowledgeBase - INFO - Loading the validation sets.
2023-11-20 18:20:01,518 - KnowledgeBase - INFO - Loading test sets.
2023-11-20 18:20:01,586 - KnowledgeBase - INFO - Loading scalers.
2023-11-20 18:20:01,589 - KnowledgeBase - INFO - Loading one hot encoders.
2023-11-20 18:20:01,590 - KnowledgeBase - INFO - Loading test pca encoders.
2023-11-20 18:20:01,592 - KnowledgeBase - INFO - Loading existing models.
2023-11-20 19:20:20,934 - KnowledgeBase - INFO - Creating an instance of KnowledgeBase.
2023-11-20 19:20:20,935 - KnowledgeBase - INFO - Loading the train sets.
2023-11-20 19:20:20,950 - KnowledgeBase - INFO - Loading the validation sets.
2023-11-20 19:20:20,955 - KnowledgeBase - INFO - Loading test sets.
2023-11-20 19:20:21,027 - KnowledgeBase - INFO - Loading scalers.
2023-11-20 19:20:21,029 - KnowledgeBase - INFO - Loading one hot encoders.
2023-11-20 19:20:21,030 - KnowledgeBase - INFO - Loading test pca encoders.
2023-11-20 19:20:21,032 - KnowledgeBase - INFO - Loading existing models.
2023-11-20 19:21:09,698 - KnowledgeBase - INFO - Creating an instance of KnowledgeBase.
2023-11-20 19:21:09,698 - KnowledgeBase - INFO - Loading the train sets.
2023-11-20 19:21:09,714 - KnowledgeBase - INFO - Loading the validation sets.
2023-11-20 19:21:09,719 - KnowledgeBase - INFO - Loading test sets.
2023-11-20 19:21:09,792 - KnowledgeBase - INFO - Loading scalers.
2023-11-20 19:21:09,795 - KnowledgeBase - INFO - Loading one hot encoders.
2023-11-20 19:21:09,796 - KnowledgeBase - INFO - Loading test pca encoders.
2023-11-20 19:21:09,798 - KnowledgeBase - INFO - Loading existing models.
2023-11-20 19:21:51,261 - KnowledgeBase - INFO - Creating an instance of KnowledgeBase.
2023-11-20 19:21:51,262 - KnowledgeBase - INFO - Loading the train sets.
2023-11-20 19:21:51,277 - KnowledgeBase - INFO - Loading the validation sets.
2023-11-20 19:21:51,281 - KnowledgeBase - INFO - Loading test sets.
2023-11-20 19:21:51,351 - KnowledgeBase - INFO - Loading scalers.
2023-11-20 19:21:51,354 - KnowledgeBase - INFO - Loading one hot encoders.
2023-11-20 19:21:51,355 - KnowledgeBase - INFO - Loading test pca encoders.
2023-11-20 19:21:51,356 - KnowledgeBase - INFO - Loading existing models.
2023-11-20 19:29:42,046 - KnowledgeBase - INFO - Creating an instance of KnowledgeBase.
2023-11-20 19:29:42,047 - KnowledgeBase - INFO - Loading the train sets.
2023-11-20 19:29:42,063 - KnowledgeBase - INFO - Loading the validation sets.
2023-11-20 19:29:42,068 - KnowledgeBase - INFO - Loading test sets.
2023-11-20 19:29:42,139 - KnowledgeBase - INFO - Loading scalers.
2023-11-20 19:29:42,142 - KnowledgeBase - INFO - Loading one hot encoders.
2023-11-20 19:29:42,144 - KnowledgeBase - INFO - Loading test pca encoders.
2023-11-20 19:29:42,147 - KnowledgeBase - INFO - Loading existing models.
2023-11-20 19:41:13,961 - KnowledgeBase - INFO - Creating an instance of KnowledgeBase.
2023-11-20 19:41:13,961 - KnowledgeBase - INFO - Loading the train sets.
2023-11-20 19:41:13,977 - KnowledgeBase - INFO - Loading the validation sets.
2023-11-20 19:41:13,981 - KnowledgeBase - INFO - Loading test sets.
2023-11-20 19:41:14,052 - KnowledgeBase - INFO - Loading scalers.
2023-11-20 19:41:14,055 - KnowledgeBase - INFO - Loading one hot encoders.
2023-11-20 19:41:14,056 - KnowledgeBase - INFO - Loading test pca encoders.
2023-11-20 19:41:14,058 - KnowledgeBase - INFO - Loading existing models.
2023-11-20 19:47:17,904 - KnowledgeBase - INFO - Creating an instance of KnowledgeBase.
2023-11-20 19:47:17,905 - KnowledgeBase - INFO - Loading the train sets.
2023-11-20 19:47:17,936 - KnowledgeBase - INFO - Loading the validation sets.
2023-11-20 19:47:17,944 - KnowledgeBase - INFO - Loading test sets.
2023-11-20 19:47:18,030 - KnowledgeBase - INFO - Loading scalers.
2023-11-20 19:47:18,032 - KnowledgeBase - INFO - Loading one hot encoders.
2023-11-20 19:47:18,033 - KnowledgeBase - INFO - Loading test pca encoders.
2023-11-20 19:47:18,035 - KnowledgeBase - INFO - Loading existing models.
2023-11-20 19:57:06,334 - KnowledgeBase - INFO - Creating an instance of KnowledgeBase.
2023-11-20 19:57:06,334 - KnowledgeBase - INFO - Loading the train sets.
2023-11-20 19:57:06,350 - KnowledgeBase - INFO - Loading the validation sets.
2023-11-20 19:57:06,355 - KnowledgeBase - INFO - Loading test sets.
2023-11-20 19:57:06,429 - KnowledgeBase - INFO - Loading scalers.
2023-11-20 19:57:06,431 - KnowledgeBase - INFO - Loading one hot encoders.
2023-11-20 19:57:06,432 - KnowledgeBase - INFO - Loading test pca encoders.
2023-11-20 19:57:06,434 - KnowledgeBase - INFO - Loading existing models.
2023-11-20 20:06:22,873 - KnowledgeBase - INFO - Creating an instance of KnowledgeBase.
2023-11-20 20:06:22,873 - KnowledgeBase - INFO - Loading the train sets.
2023-11-20 20:06:22,889 - KnowledgeBase - INFO - Loading the validation sets.
2023-11-20 20:06:22,892 - KnowledgeBase - INFO - Loading test sets.
2023-11-20 20:06:22,974 - KnowledgeBase - INFO - Loading scalers.
2023-11-20 20:06:22,976 - KnowledgeBase - INFO - Loading one hot encoders.
2023-11-20 20:06:22,977 - KnowledgeBase - INFO - Loading test pca encoders.
2023-11-20 20:06:22,979 - KnowledgeBase - INFO - Loading existing models.
2023-11-20 20:13:40,172 - KnowledgeBase - INFO - Creating an instance of KnowledgeBase.
2023-11-20 20:13:40,173 - KnowledgeBase - INFO - Loading the train sets.
2023-11-20 20:13:40,189 - KnowledgeBase - INFO - Loading the validation sets.
2023-11-20 20:13:40,193 - KnowledgeBase - INFO - Loading test sets.
2023-11-20 20:13:40,264 - KnowledgeBase - INFO - Loading scalers.
2023-11-20 20:13:40,268 - KnowledgeBase - INFO - Loading one hot encoders.
2023-11-20 20:13:40,269 - KnowledgeBase - INFO - Loading test pca encoders.
2023-11-20 20:13:40,270 - KnowledgeBase - INFO - Loading existing models.
2023-11-20 20:20:27,024 - KnowledgeBase - INFO - Creating an instance of KnowledgeBase.
2023-11-20 20:20:27,024 - KnowledgeBase - INFO - Loading the train sets.
2023-11-20 20:20:27,040 - KnowledgeBase - INFO - Loading the validation sets.
2023-11-20 20:20:27,044 - KnowledgeBase - INFO - Loading test sets.
2023-11-20 20:20:27,120 - KnowledgeBase - INFO - Loading scalers.
2023-11-20 20:20:27,124 - KnowledgeBase - INFO - Loading one hot encoders.
2023-11-20 20:20:27,125 - KnowledgeBase - INFO - Loading test pca encoders.
2023-11-20 20:20:27,127 - KnowledgeBase - INFO - Loading existing models.
2023-11-20 20:20:27,130 - KnowledgeBase - INFO - Shapes and sized of the sets:
2023-11-20 20:20:27,130 - KnowledgeBase - INFO - TRAIN:
x_train_l1 = (100778, 28)
x_train_l2 = (1624, 13)
y_train_l1 = 100778
y_train_l2 = 1624
2023-11-20 20:20:27,130 - KnowledgeBase - INFO - VALIDATE:
x_validate_l1 = (25195, 28)
x_validate_l2 = (1624, 13)
y_validate_l1 = 25195
y_validate_l2 = 1624
2023-11-20 20:21:29,816 - KnowledgeBase - INFO - Creating an instance of KnowledgeBase.
2023-11-20 20:21:29,817 - KnowledgeBase - INFO - Loading the train sets.
2023-11-20 20:21:29,835 - KnowledgeBase - INFO - Loading the validation sets.
2023-11-20 20:21:29,840 - KnowledgeBase - INFO - Loading test sets.
2023-11-20 20:21:29,917 - KnowledgeBase - INFO - Loading scalers.
2023-11-20 20:21:29,921 - KnowledgeBase - INFO - Loading one hot encoders.
2023-11-20 20:21:29,922 - KnowledgeBase - INFO - Loading test pca encoders.
2023-11-20 20:21:29,924 - KnowledgeBase - INFO - Loading existing models.
2023-11-20 20:21:29,927 - KnowledgeBase - INFO - Shapes and sized of the sets:
2023-11-20 20:21:29,927 - KnowledgeBase - INFO - TRAIN:
x_train_l1 = (100778, 28)
x_train_l2 = (1624, 13)
y_train_l1 = 100778
y_train_l2 = 1624
2023-11-20 20:21:29,927 - KnowledgeBase - INFO - VALIDATE:
x_validate_l1 = (25195, 28)
x_validate_l2 = (1624, 13)
y_validate_l1 = 25195
y_validate_l2 = 1624
2023-11-20 20:38:04,460 - KnowledgeBase - INFO - Creating an instance of KnowledgeBase.
2023-11-20 20:38:04,461 - KnowledgeBase - INFO - Loading the train sets.
2023-11-20 20:38:04,477 - KnowledgeBase - INFO - Loading the validation sets.
2023-11-20 20:38:04,482 - KnowledgeBase - INFO - Loading test sets.
2023-11-20 20:38:04,551 - KnowledgeBase - INFO - Loading scalers.
2023-11-20 20:38:04,554 - KnowledgeBase - INFO - Loading one hot encoders.
2023-11-20 20:38:04,555 - KnowledgeBase - INFO - Loading test pca encoders.
2023-11-20 20:38:04,557 - KnowledgeBase - ERROR - First program execution has no models, training them..
2023-11-20 20:38:25,803 - KnowledgeBase - INFO - Shapes and sized of the sets:
2023-11-20 20:38:25,803 - KnowledgeBase - INFO - TRAIN:
x_train_l1 = (100778, 28)
x_train_l2 = (1624, 13)
y_train_l1 = 100778
y_train_l2 = 1624
2023-11-20 20:38:25,803 - KnowledgeBase - INFO - VALIDATE:
x_validate_l1 = (25195, 28)
x_validate_l2 = (1624, 13)
y_validate_l1 = 25195
y_validate_l2 = 1624
2023-11-20 20:43:20,002 - KnowledgeBase - INFO - Creating an instance of KnowledgeBase.
2023-11-20 20:43:20,002 - KnowledgeBase - INFO - Loading the train sets.
2023-11-20 20:43:20,018 - KnowledgeBase - INFO - Loading the validation sets.
2023-11-20 20:43:20,022 - KnowledgeBase - INFO - Loading test sets.
2023-11-20 20:43:20,096 - KnowledgeBase - INFO - Loading scalers.
2023-11-20 20:43:20,098 - KnowledgeBase - INFO - Loading one hot encoders.
2023-11-20 20:43:20,100 - KnowledgeBase - INFO - Loading test pca encoders.
2023-11-20 20:43:20,101 - KnowledgeBase - INFO - Loading existing models.
2023-11-20 20:43:20,105 - KnowledgeBase - INFO - Shapes and sized of the sets:
2023-11-20 20:43:20,105 - KnowledgeBase - INFO - TRAIN:
x_train_l1 = (100778, 28)
x_train_l2 = (1624, 13)
y_train_l1 = 100778
y_train_l2 = 1624
2023-11-20 20:43:20,105 - KnowledgeBase - INFO - VALIDATE:
x_validate_l1 = (25195, 28)
x_validate_l2 = (1624, 13)
y_validate_l1 = 25195
y_validate_l2 = 1624
2023-11-20 20:49:16,749 - KnowledgeBase - INFO - Creating an instance of KnowledgeBase.
2023-11-20 20:49:16,749 - KnowledgeBase - INFO - Loading the train sets.
2023-11-20 20:49:16,766 - KnowledgeBase - INFO - Loading the validation sets.
2023-11-20 20:49:16,769 - KnowledgeBase - INFO - Loading test sets.
2023-11-20 20:49:16,844 - KnowledgeBase - INFO - Loading scalers.
2023-11-20 20:49:16,847 - KnowledgeBase - INFO - Loading one hot encoders.
2023-11-20 20:49:16,848 - KnowledgeBase - INFO - Loading test pca encoders.
2023-11-20 20:49:16,850 - KnowledgeBase - INFO - Loading existing models.
2023-11-20 20:49:16,854 - KnowledgeBase - INFO - Shapes and sized of the sets:
2023-11-20 20:49:16,854 - KnowledgeBase - INFO - TRAIN:
x_train_l1 = (100778, 28)
x_train_l2 = (1624, 13)
y_train_l1 = 100778
y_train_l2 = 1624
2023-11-20 20:49:16,854 - KnowledgeBase - INFO - VALIDATE:
x_validate_l1 = (25195, 28)
x_validate_l2 = (1624, 13)
y_validate_l1 = 25195
y_validate_l2 = 1624
2023-11-20 20:50:06,586 - KnowledgeBase - INFO - Creating an instance of KnowledgeBase.
2023-11-20 20:50:06,587 - KnowledgeBase - INFO - Loading the train sets.
2023-11-20 20:50:06,602 - KnowledgeBase - INFO - Loading the validation sets.
2023-11-20 20:50:06,607 - KnowledgeBase - INFO - Loading test sets.
2023-11-20 20:50:06,681 - KnowledgeBase - INFO - Loading scalers.
2023-11-20 20:50:06,685 - KnowledgeBase - INFO - Loading one hot encoders.
2023-11-20 20:50:06,686 - KnowledgeBase - INFO - Loading test pca encoders.
2023-11-20 20:50:06,687 - KnowledgeBase - INFO - Loading existing models.
2023-11-20 20:50:06,691 - KnowledgeBase - INFO - Shapes and sized of the sets:
2023-11-20 20:50:06,691 - KnowledgeBase - INFO - TRAIN:
x_train_l1 = (100778, 28)
x_train_l2 = (1624, 13)
y_train_l1 = 100778
y_train_l2 = 1624
2023-11-20 20:50:06,691 - KnowledgeBase - INFO - VALIDATE:
x_validate_l1 = (25195, 28)
x_validate_l2 = (1624, 13)
y_validate_l1 = 25195
y_validate_l2 = 1624
2023-11-20 20:51:23,742 - KnowledgeBase - INFO - Creating an instance of KnowledgeBase.
2023-11-20 20:51:23,742 - KnowledgeBase - INFO - Loading the train sets.
2023-11-20 20:51:23,758 - KnowledgeBase - INFO - Loading the validation sets.
2023-11-20 20:51:23,762 - KnowledgeBase - INFO - Loading test sets.
2023-11-20 20:51:23,834 - KnowledgeBase - INFO - Loading scalers.
2023-11-20 20:51:23,837 - KnowledgeBase - INFO - Loading one hot encoders.
2023-11-20 20:51:23,838 - KnowledgeBase - INFO - Loading test pca encoders.
2023-11-20 20:51:23,840 - KnowledgeBase - INFO - Loading existing models.
2023-11-20 20:51:23,843 - KnowledgeBase - INFO - Shapes and sized of the sets:
2023-11-20 20:51:23,844 - KnowledgeBase - INFO - TRAIN:
x_train_l1 = (100778, 28)
x_train_l2 = (1624, 13)
y_train_l1 = 100778
y_train_l2 = 1624
2023-11-20 20:51:23,844 - KnowledgeBase - INFO - VALIDATE:
x_validate_l1 = (25195, 28)
x_validate_l2 = (1624, 13)
y_validate_l1 = 25195
y_validate_l2 = 1624
2023-11-20 20:54:31,031 - KnowledgeBase - INFO - Creating an instance of KnowledgeBase.
2023-11-20 20:54:31,031 - KnowledgeBase - INFO - Loading the train sets.
2023-11-20 20:54:31,049 - KnowledgeBase - INFO - Loading the validation sets.
2023-11-20 20:54:31,054 - KnowledgeBase - INFO - Loading test sets.
2023-11-20 20:54:31,139 - KnowledgeBase - INFO - Loading scalers.
2023-11-20 20:54:31,142 - KnowledgeBase - INFO - Loading one hot encoders.
2023-11-20 20:54:31,143 - KnowledgeBase - INFO - Loading test pca encoders.
2023-11-20 20:54:31,145 - KnowledgeBase - INFO - Loading existing models.
2023-11-20 20:54:31,148 - KnowledgeBase - INFO - Shapes and sized of the sets:
2023-11-20 20:54:31,148 - KnowledgeBase - INFO - TRAIN:
x_train_l1 = (100778, 28)
x_train_l2 = (1624, 13)
y_train_l1 = 100778
y_train_l2 = 1624
2023-11-20 20:54:31,148 - KnowledgeBase - INFO - VALIDATE:
x_validate_l1 = (25195, 28)
x_validate_l2 = (1624, 13)
y_validate_l1 = 25195
y_validate_l2 = 1624
2023-11-20 21:03:04,891 - KnowledgeBase - INFO - Creating an instance of KnowledgeBase.
2023-11-20 21:03:04,892 - KnowledgeBase - INFO - Loading the train sets.
2023-11-20 21:03:04,907 - KnowledgeBase - INFO - Loading the validation sets.
2023-11-20 21:03:04,911 - KnowledgeBase - INFO - Loading test sets.
2023-11-20 21:03:04,982 - KnowledgeBase - INFO - Loading scalers.
2023-11-20 21:03:04,984 - KnowledgeBase - INFO - Loading one hot encoders.
2023-11-20 21:03:04,985 - KnowledgeBase - INFO - Loading test pca encoders.
2023-11-20 21:03:04,986 - KnowledgeBase - INFO - Loading existing models.
2023-11-20 21:03:04,990 - KnowledgeBase - INFO - Shapes and sized of the sets:
2023-11-20 21:03:04,990 - KnowledgeBase - INFO - TRAIN:
x_train_l1 = (100778, 28)
x_train_l2 = (1624, 13)
y_train_l1 = 100778
y_train_l2 = 1624
2023-11-20 21:03:04,990 - KnowledgeBase - INFO - VALIDATE:
x_validate_l1 = (25195, 28)
x_validate_l2 = (1624, 13)
y_validate_l1 = 25195
y_validate_l2 = 1624
2023-11-20 21:17:34,538 - KnowledgeBase - INFO - Creating an instance of KnowledgeBase.
2023-11-20 21:17:34,539 - KnowledgeBase - INFO - Loading the train sets.
2023-11-20 21:17:34,563 - KnowledgeBase - INFO - Loading the validation sets.
2023-11-20 21:17:34,567 - KnowledgeBase - INFO - Loading test sets.
2023-11-20 21:17:34,655 - KnowledgeBase - INFO - Loading scalers.
2023-11-20 21:17:34,657 - KnowledgeBase - INFO - Loading one hot encoders.
2023-11-20 21:17:34,658 - KnowledgeBase - INFO - Loading test pca encoders.
2023-11-20 21:17:34,660 - KnowledgeBase - INFO - Loading existing models.
2023-11-20 21:17:34,664 - KnowledgeBase - INFO - Shapes and sized of the sets:
2023-11-20 21:17:34,664 - KnowledgeBase - INFO - TRAIN:
x_train_l1 = (100778, 28)
x_train_l2 = (1624, 13)
y_train_l1 = 100778
y_train_l2 = 1624
2023-11-20 21:17:34,664 - KnowledgeBase - INFO - VALIDATE:
x_validate_l1 = (25195, 28)
x_validate_l2 = (1624, 13)
y_validate_l1 = 25195
y_validate_l2 = 1624
2023-11-22 16:44:24,286 - KnowledgeBase - INFO - Creating an instance of KnowledgeBase.
2023-11-22 16:44:24,288 - KnowledgeBase - INFO - Loading the train sets.
2023-11-22 16:44:24,374 - KnowledgeBase - INFO - Loading the validation sets.
2023-11-22 16:44:24,397 - KnowledgeBase - INFO - Loading test sets.
2023-11-22 16:44:24,558 - KnowledgeBase - INFO - Loading scalers.
2023-11-22 16:44:24,565 - KnowledgeBase - INFO - Loading one hot encoders.
2023-11-22 16:44:24,570 - KnowledgeBase - INFO - Loading test pca encoders.
2023-11-22 16:44:24,574 - KnowledgeBase - INFO - Loading existing models.
2023-11-22 16:44:24,582 - KnowledgeBase - INFO - Shapes and sized of the sets:
2023-11-22 16:44:24,582 - KnowledgeBase - INFO - TRAIN:
x_train_l1 = (100778, 28)
x_train_l2 = (1624, 13)
y_train_l1 = 100778
y_train_l2 = 1624
2023-11-22 16:44:24,583 - KnowledgeBase - INFO - VALIDATE:
x_validate_l1 = (25195, 28)
x_validate_l2 = (1624, 13)
y_validate_l1 = 25195
y_validate_l2 = 1624
2023-11-22 19:30:14,105 - KnowledgeBase - INFO - Creating an instance of KnowledgeBase.
2023-11-22 19:30:14,105 - KnowledgeBase - INFO - Loading the train sets.
2023-11-22 19:30:14,118 - KnowledgeBase - INFO - Loading the validation sets.
2023-11-22 19:30:14,123 - KnowledgeBase - INFO - Loading test sets.
2023-11-22 19:30:14,184 - KnowledgeBase - INFO - Loading scalers.
2023-11-22 19:30:14,186 - KnowledgeBase - INFO - Loading one hot encoders.
2023-11-22 19:30:14,187 - KnowledgeBase - INFO - Loading test pca encoders.
2023-11-22 19:30:14,189 - KnowledgeBase - INFO - Loading existing models.
2023-11-22 19:30:14,190 - KnowledgeBase - INFO - Shapes and sized of the sets:
2023-11-22 19:30:14,191 - KnowledgeBase - INFO - TRAIN:
x_train_l1 = (100778, 28)
x_train_l2 = (1624, 13)
y_train_l1 = 100778
y_train_l2 = 1624
2023-11-22 19:30:14,191 - KnowledgeBase - INFO - VALIDATE:
x_validate_l1 = (25195, 28)
x_validate_l2 = (1624, 13)
y_validate_l1 = 25195
y_validate_l2 = 1624
2023-11-22 19:33:32,150 - KnowledgeBase - INFO - Creating an instance of KnowledgeBase.
2023-11-22 19:33:32,150 - KnowledgeBase - INFO - Loading the train sets.
2023-11-22 19:33:32,161 - KnowledgeBase - INFO - Loading the validation sets.
2023-11-22 19:33:32,165 - KnowledgeBase - INFO - Loading test sets.
2023-11-22 19:33:32,219 - KnowledgeBase - INFO - Loading scalers.
2023-11-22 19:33:32,221 - KnowledgeBase - INFO - Loading one hot encoders.
2023-11-22 19:33:32,222 - KnowledgeBase - INFO - Loading test pca encoders.
2023-11-22 19:33:32,223 - KnowledgeBase - INFO - Loading existing models.
2023-11-22 19:33:32,225 - KnowledgeBase - INFO - Shapes and sized of the sets:
2023-11-22 19:33:32,225 - KnowledgeBase - INFO - TRAIN:
x_train_l1 = (100778, 28)
x_train_l2 = (1624, 13)
y_train_l1 = 100778
y_train_l2 = 1624
2023-11-22 19:33:32,225 - KnowledgeBase - INFO - VALIDATE:
x_validate_l1 = (25195, 28)
x_validate_l2 = (1624, 13)
y_validate_l1 = 25195
y_validate_l2 = 1624
2023-11-22 20:28:48,556 - KnowledgeBase - INFO - Creating an instance of KnowledgeBase.
2023-11-22 20:28:48,557 - KnowledgeBase - INFO - Loading the train sets.
2023-11-22 20:28:48,600 - KnowledgeBase - INFO - Loading the validation sets.
2023-11-22 20:28:48,610 - KnowledgeBase - INFO - Loading test sets.
2023-11-22 20:28:48,663 - KnowledgeBase - INFO - Loading scalers.
2023-11-22 20:28:48,666 - KnowledgeBase - INFO - Loading one hot encoders.
2023-11-22 20:28:48,668 - KnowledgeBase - INFO - Loading test pca encoders.
2023-11-22 20:28:48,669 - KnowledgeBase - INFO - Loading existing models.
2023-11-22 20:28:48,673 - KnowledgeBase - INFO - Shapes and sized of the sets:
2023-11-22 20:28:48,673 - KnowledgeBase - INFO - TRAIN:
x_train_l1 = (100778, 28)
x_train_l2 = (1624, 13)
y_train_l1 = 100778
y_train_l2 = 1624
2023-11-22 20:28:48,673 - KnowledgeBase - INFO - VALIDATE:
x_validate_l1 = (25195, 28)
x_validate_l2 = (1624, 13)
y_validate_l1 = 25195
y_validate_l2 = 1624
2023-11-22 20:29:26,663 - KnowledgeBase - INFO - Creating an instance of KnowledgeBase.
2023-11-22 20:29:26,663 - KnowledgeBase - INFO - Loading the train sets.
2023-11-22 20:29:26,673 - KnowledgeBase - INFO - Loading the validation sets.
2023-11-22 20:29:26,676 - KnowledgeBase - INFO - Loading test sets.
2023-11-22 20:29:26,723 - KnowledgeBase - INFO - Loading scalers.
2023-11-22 20:29:26,724 - KnowledgeBase - INFO - Loading one hot encoders.
2023-11-22 20:29:26,725 - KnowledgeBase - INFO - Loading test pca encoders.
2023-11-22 20:29:26,726 - KnowledgeBase - INFO - Loading existing models.
2023-11-22 20:29:26,728 - KnowledgeBase - INFO - Shapes and sized of the sets:
2023-11-22 20:29:26,728 - KnowledgeBase - INFO - TRAIN:
x_train_l1 = (100778, 28)
x_train_l2 = (1624, 13)
y_train_l1 = 100778
y_train_l2 = 1624
2023-11-22 20:29:26,728 - KnowledgeBase - INFO - VALIDATE:
x_validate_l1 = (25195, 28)
x_validate_l2 = (1624, 13)
y_validate_l1 = 25195
y_validate_l2 = 1624
2023-11-22 20:31:02,723 - KnowledgeBase - INFO - Creating an instance of KnowledgeBase.
2023-11-22 20:31:02,723 - KnowledgeBase - INFO - Loading the train sets.
2023-11-22 20:31:02,736 - KnowledgeBase - INFO - Loading the validation sets.
2023-11-22 20:31:02,740 - KnowledgeBase - INFO - Loading test sets.
2023-11-22 20:31:02,785 - KnowledgeBase - INFO - Loading scalers.
2023-11-22 20:31:02,787 - KnowledgeBase - INFO - Loading one hot encoders.
2023-11-22 20:31:02,787 - KnowledgeBase - INFO - Loading test pca encoders.
2023-11-22 20:31:02,788 - KnowledgeBase - INFO - Loading existing models.
2023-11-22 20:31:02,790 - KnowledgeBase - INFO - Shapes and sized of the sets:
2023-11-22 20:31:02,790 - KnowledgeBase - INFO - TRAIN:
x_train_l1 = (100778, 28)
x_train_l2 = (1624, 13)
y_train_l1 = 100778
y_train_l2 = 1624
2023-11-22 20:31:02,790 - KnowledgeBase - INFO - VALIDATE:
x_validate_l1 = (25195, 28)
x_validate_l2 = (1624, 13)
y_validate_l1 = 25195
y_validate_l2 = 1624
2023-11-22 20:32:47,727 - KnowledgeBase - INFO - Creating an instance of KnowledgeBase.
2023-11-22 20:32:47,727 - KnowledgeBase - INFO - Loading the train sets.
2023-11-22 20:32:47,744 - KnowledgeBase - INFO - Loading the validation sets.
2023-11-22 20:32:47,747 - KnowledgeBase - INFO - Loading test sets.
2023-11-22 20:32:47,792 - KnowledgeBase - INFO - Loading scalers.
2023-11-22 20:32:47,794 - KnowledgeBase - INFO - Loading one hot encoders.
2023-11-22 20:32:47,794 - KnowledgeBase - INFO - Loading test pca encoders.
2023-11-22 20:32:47,795 - KnowledgeBase - INFO - Loading existing models.
2023-11-22 20:33:13,769 - KnowledgeBase - INFO - Creating an instance of KnowledgeBase.
2023-11-22 20:33:13,769 - KnowledgeBase - INFO - Loading the train sets.
2023-11-22 20:33:13,783 - KnowledgeBase - INFO - Loading the validation sets.
2023-11-22 20:33:13,786 - KnowledgeBase - INFO - Loading test sets.
2023-11-22 20:33:13,831 - KnowledgeBase - INFO - Loading scalers.
2023-11-22 20:33:13,833 - KnowledgeBase - INFO - Loading one hot encoders.
2023-11-22 20:33:13,833 - KnowledgeBase - INFO - Loading test pca encoders.
2023-11-22 20:33:13,835 - KnowledgeBase - INFO - Loading existing models.
2023-11-22 20:36:01,482 - KnowledgeBase - INFO - Creating an instance of KnowledgeBase.
2023-11-22 20:36:01,482 - KnowledgeBase - INFO - Loading the train sets.
2023-11-22 20:36:01,491 - KnowledgeBase - INFO - Loading the validation sets.
2023-11-22 20:36:01,494 - KnowledgeBase - INFO - Loading test sets.
2023-11-22 20:36:01,540 - KnowledgeBase - INFO - Loading scalers.
2023-11-22 20:36:01,542 - KnowledgeBase - INFO - Loading one hot encoders.
2023-11-22 20:36:01,542 - KnowledgeBase - INFO - Loading test pca encoders.
2023-11-22 20:36:01,543 - KnowledgeBase - INFO - Loading existing models.
2023-11-22 20:36:34,150 - KnowledgeBase - INFO - Creating an instance of KnowledgeBase.
2023-11-22 20:36:34,151 - KnowledgeBase - INFO - Loading the train sets.
2023-11-22 20:36:34,160 - KnowledgeBase - INFO - Loading the validation sets.
2023-11-22 20:36:34,163 - KnowledgeBase - INFO - Loading test sets.
2023-11-22 20:36:34,208 - KnowledgeBase - INFO - Loading scalers.
2023-11-22 20:36:34,210 - KnowledgeBase - INFO - Loading one hot encoders.
2023-11-22 20:36:34,210 - KnowledgeBase - INFO - Loading test pca encoders.
2023-11-22 20:36:34,211 - KnowledgeBase - INFO - Loading existing models.
2023-11-22 20:37:30,016 - KnowledgeBase - INFO - Creating an instance of KnowledgeBase.
2023-11-22 20:37:30,016 - KnowledgeBase - INFO - Loading the train sets.
2023-11-22 20:37:30,025 - KnowledgeBase - INFO - Loading the validation sets.
2023-11-22 20:37:30,028 - KnowledgeBase - INFO - Loading test sets.
2023-11-22 20:37:30,073 - KnowledgeBase - INFO - Loading scalers.
2023-11-22 20:37:30,075 - KnowledgeBase - INFO - Loading one hot encoders.
2023-11-22 20:37:30,076 - KnowledgeBase - INFO - Loading test pca encoders.
2023-11-22 20:37:30,077 - KnowledgeBase - INFO - Loading existing models.
2023-11-22 20:38:26,955 - KnowledgeBase - INFO - Creating an instance of KnowledgeBase.
2023-11-22 20:38:26,955 - KnowledgeBase - INFO - Loading the train sets.
2023-11-22 20:38:26,965 - KnowledgeBase - INFO - Loading the validation sets.
2023-11-22 20:38:26,968 - KnowledgeBase - INFO - Loading test sets.
2023-11-22 20:38:27,014 - KnowledgeBase - INFO - Loading scalers.
2023-11-22 20:38:27,016 - KnowledgeBase - INFO - Loading one hot encoders.
2023-11-22 20:38:27,016 - KnowledgeBase - INFO - Loading test pca encoders.
2023-11-22 20:38:27,017 - KnowledgeBase - INFO - Loading existing models.
2023-11-22 20:39:03,378 - KnowledgeBase - INFO - Creating an instance of KnowledgeBase.
2023-11-22 20:39:03,379 - KnowledgeBase - INFO - Loading the train sets.
2023-11-22 20:39:03,392 - KnowledgeBase - INFO - Loading the validation sets.
2023-11-22 20:39:03,394 - KnowledgeBase - INFO - Loading test sets.
2023-11-22 20:39:03,439 - KnowledgeBase - INFO - Loading scalers.
2023-11-22 20:39:03,440 - KnowledgeBase - INFO - Loading one hot encoders.
2023-11-22 20:39:03,441 - KnowledgeBase - INFO - Loading test pca encoders.
2023-11-22 20:39:03,442 - KnowledgeBase - INFO - Loading existing models.
2023-11-22 20:41:30,114 - KnowledgeBase - INFO - Creating an instance of KnowledgeBase.
2023-11-22 20:41:30,114 - KnowledgeBase - INFO - Loading the train sets.
2023-11-22 20:41:30,123 - KnowledgeBase - INFO - Loading the validation sets.
2023-11-22 20:41:30,126 - KnowledgeBase - INFO - Loading test sets.
2023-11-22 20:41:30,171 - KnowledgeBase - INFO - Loading scalers.
2023-11-22 20:41:30,173 - KnowledgeBase - INFO - Loading one hot encoders.
2023-11-22 20:41:30,173 - KnowledgeBase - INFO - Loading test pca encoders.
2023-11-22 20:41:30,175 - KnowledgeBase - INFO - Loading existing models.
2023-11-22 20:42:37,143 - KnowledgeBase - INFO - Creating an instance of KnowledgeBase.
2023-11-22 20:42:37,143 - KnowledgeBase - INFO - Loading the train sets.
2023-11-22 20:42:37,153 - KnowledgeBase - INFO - Loading the validation sets.
2023-11-22 20:42:37,156 - KnowledgeBase - INFO - Loading test sets.
2023-11-22 20:42:37,201 - KnowledgeBase - INFO - Loading scalers.
2023-11-22 20:42:37,202 - KnowledgeBase - INFO - Loading one hot encoders.
2023-11-22 20:42:37,203 - KnowledgeBase - INFO - Loading test pca encoders.
2023-11-22 20:42:37,204 - KnowledgeBase - INFO - Loading existing models.
2023-11-22 20:43:00,219 - KnowledgeBase - INFO - Creating an instance of KnowledgeBase.
2023-11-22 20:43:00,221 - KnowledgeBase - INFO - Loading the train sets.
2023-11-22 20:43:00,232 - KnowledgeBase - INFO - Loading the validation sets.
2023-11-22 20:43:00,235 - KnowledgeBase - INFO - Loading test sets.
2023-11-22 20:43:00,279 - KnowledgeBase - INFO - Loading scalers.
2023-11-22 20:43:00,280 - KnowledgeBase - INFO - Loading one hot encoders.
2023-11-22 20:43:00,281 - KnowledgeBase - INFO - Loading test pca encoders.
2023-11-22 20:43:00,282 - KnowledgeBase - INFO - Loading existing models.
2023-11-22 20:47:05,643 - KnowledgeBase - INFO - Creating an instance of KnowledgeBase.
2023-11-22 20:47:05,643 - KnowledgeBase - INFO - Loading the train sets.
2023-11-22 20:47:05,653 - KnowledgeBase - INFO - Loading the validation sets.
2023-11-22 20:47:05,655 - KnowledgeBase - INFO - Loading test sets.
2023-11-22 20:47:05,701 - KnowledgeBase - INFO - Loading scalers.
2023-11-22 20:47:05,703 - KnowledgeBase - INFO - Loading one hot encoders.
2023-11-22 20:47:05,703 - KnowledgeBase - INFO - Loading test pca encoders.
2023-11-22 20:47:05,704 - KnowledgeBase - INFO - Loading existing models.
2023-11-22 20:50:54,568 - KnowledgeBase - INFO - Creating an instance of KnowledgeBase.
2023-11-22 20:50:54,568 - KnowledgeBase - INFO - Loading the train sets.
2023-11-22 20:50:54,579 - KnowledgeBase - INFO - Loading the validation sets.
2023-11-22 20:50:54,583 - KnowledgeBase - INFO - Loading test sets.
2023-11-22 20:50:54,640 - KnowledgeBase - INFO - Loading scalers.
2023-11-22 20:50:54,642 - KnowledgeBase - INFO - Loading one hot encoders.
2023-11-22 20:50:54,642 - KnowledgeBase - INFO - Loading test pca encoders.
2023-11-22 20:50:54,643 - KnowledgeBase - INFO - Loading existing models.
2023-11-22 20:52:02,411 - KnowledgeBase - INFO - Creating an instance of KnowledgeBase.
2023-11-22 20:52:02,411 - KnowledgeBase - INFO - Loading the train sets.
2023-11-22 20:52:02,425 - KnowledgeBase - INFO - Loading the validation sets.
2023-11-22 20:52:02,428 - KnowledgeBase - INFO - Loading test sets.
2023-11-22 20:52:02,490 - KnowledgeBase - INFO - Loading scalers.
2023-11-22 20:52:02,492 - KnowledgeBase - INFO - Loading one hot encoders.
2023-11-22 20:52:02,492 - KnowledgeBase - INFO - Loading test pca encoders.
2023-11-22 20:52:02,493 - KnowledgeBase - INFO - Loading existing models.
2023-11-22 23:55:40,310 - KnowledgeBase - INFO - Creating an instance of KnowledgeBase.
2023-11-22 23:55:40,311 - KnowledgeBase - INFO - Loading the train sets.
2023-11-22 23:55:40,334 - KnowledgeBase - INFO - Loading the validation sets.
2023-11-22 23:55:40,342 - KnowledgeBase - INFO - Loading test sets.
2023-11-22 23:55:40,417 - KnowledgeBase - INFO - Loading scalers.
2023-11-22 23:55:40,432 - KnowledgeBase - INFO - Loading one hot encoders.
2023-11-22 23:55:40,437 - KnowledgeBase - INFO - Loading test pca encoders.
2023-11-22 23:55:40,441 - KnowledgeBase - INFO - Loading existing models.
2023-11-22 23:58:00,925 - KnowledgeBase - INFO - Creating an instance of KnowledgeBase.
2023-11-22 23:58:00,925 - KnowledgeBase - INFO - Loading the train sets.
2023-11-22 23:58:00,954 - KnowledgeBase - INFO - Loading the validation sets.
2023-11-22 23:58:00,959 - KnowledgeBase - INFO - Loading test sets.
2023-11-22 23:58:01,042 - KnowledgeBase - INFO - Loading scalers.
2023-11-22 23:58:01,048 - KnowledgeBase - INFO - Loading one hot encoders.
2023-11-22 23:58:01,051 - KnowledgeBase - INFO - Loading test pca encoders.
2023-11-22 23:58:01,055 - KnowledgeBase - INFO - Loading existing models.
2023-11-23 00:05:10,631 - KnowledgeBase - INFO - Creating an instance of KnowledgeBase.
2023-11-23 00:05:10,631 - KnowledgeBase - INFO - Loading the train sets.
2023-11-23 00:05:10,647 - KnowledgeBase - INFO - Loading the validation sets.
2023-11-23 00:05:10,653 - KnowledgeBase - INFO - Loading test sets.
2023-11-23 00:05:10,754 - KnowledgeBase - INFO - Loading scalers.
2023-11-23 00:05:10,758 - KnowledgeBase - INFO - Loading one hot encoders.
2023-11-23 00:05:10,759 - KnowledgeBase - INFO - Loading test pca encoders.
2023-11-23 00:05:10,761 - KnowledgeBase - INFO - Loading existing models.
2023-11-23 00:06:23,471 - KnowledgeBase - INFO - Creating an instance of KnowledgeBase.
2023-11-23 00:06:23,472 - KnowledgeBase - INFO - Loading the train sets.
2023-11-23 00:06:23,487 - KnowledgeBase - INFO - Loading the validation sets.
2023-11-23 00:06:23,493 - KnowledgeBase - INFO - Loading test sets.
2023-11-23 00:06:23,579 - KnowledgeBase - INFO - Loading scalers.
2023-11-23 00:06:23,583 - KnowledgeBase - INFO - Loading one hot encoders.
2023-11-23 00:06:23,584 - KnowledgeBase - INFO - Loading test pca encoders.
2023-11-23 00:06:23,586 - KnowledgeBase - INFO - Loading existing models.
2023-11-23 00:11:22,593 - KnowledgeBase - INFO - Creating an instance of KnowledgeBase.
2023-11-23 00:11:22,594 - KnowledgeBase - INFO - Loading the train sets.
2023-11-23 00:11:22,615 - KnowledgeBase - INFO - Loading the validation sets.
2023-11-23 00:11:22,622 - KnowledgeBase - INFO - Loading test sets.
2023-11-23 00:11:22,723 - KnowledgeBase - INFO - Loading scalers.
2023-11-23 00:11:22,737 - KnowledgeBase - INFO - Loading one hot encoders.
2023-11-23 00:11:22,739 - KnowledgeBase - INFO - Loading test pca encoders.
2023-11-23 00:11:22,741 - KnowledgeBase - INFO - Loading existing models.
2023-11-23 00:12:17,282 - KnowledgeBase - INFO - Creating an instance of KnowledgeBase.
2023-11-23 00:12:17,282 - KnowledgeBase - INFO - Loading the train sets.
2023-11-23 00:12:17,297 - KnowledgeBase - INFO - Loading the validation sets.
2023-11-23 00:12:17,302 - KnowledgeBase - INFO - Loading test sets.
2023-11-23 00:12:17,371 - KnowledgeBase - INFO - Loading scalers.
2023-11-23 00:12:17,375 - KnowledgeBase - INFO - Loading one hot encoders.
2023-11-23 00:12:17,376 - KnowledgeBase - INFO - Loading test pca encoders.
2023-11-23 00:12:17,378 - KnowledgeBase - INFO - Loading existing models.
2023-11-23 00:13:37,542 - KnowledgeBase - INFO - Creating an instance of KnowledgeBase.
2023-11-23 00:13:37,543 - KnowledgeBase - INFO - Loading the train sets.
2023-11-23 00:13:37,558 - KnowledgeBase - INFO - Loading the validation sets.
2023-11-23 00:13:37,563 - KnowledgeBase - INFO - Loading test sets.
2023-11-23 00:13:37,663 - KnowledgeBase - INFO - Loading scalers.
2023-11-23 00:13:37,665 - KnowledgeBase - INFO - Loading one hot encoders.
2023-11-23 00:13:37,666 - KnowledgeBase - INFO - Loading test pca encoders.
2023-11-23 00:13:37,668 - KnowledgeBase - INFO - Loading existing models.
2023-11-23 00:20:45,807 - KnowledgeBase - INFO - Creating an instance of KnowledgeBase.
2023-11-23 00:20:45,807 - KnowledgeBase - INFO - Loading the train sets.
2023-11-23 00:20:45,836 - KnowledgeBase - INFO - Loading the validation sets.
2023-11-23 00:20:45,842 - KnowledgeBase - INFO - Loading test sets.
2023-11-23 00:20:45,924 - KnowledgeBase - INFO - Loading scalers.
2023-11-23 00:20:45,928 - KnowledgeBase - INFO - Loading one hot encoders.
2023-11-23 00:20:45,929 - KnowledgeBase - INFO - Loading test pca encoders.
2023-11-23 00:20:45,930 - KnowledgeBase - INFO - Loading existing models.
2023-11-23 00:21:52,037 - KnowledgeBase - INFO - Creating an instance of KnowledgeBase.
2023-11-23 00:21:52,037 - KnowledgeBase - INFO - Loading the train sets.
2023-11-23 00:21:52,060 - KnowledgeBase - INFO - Loading the validation sets.
2023-11-23 00:21:52,066 - KnowledgeBase - INFO - Loading test sets.
2023-11-23 00:21:52,142 - KnowledgeBase - INFO - Loading scalers.
2023-11-23 00:21:52,144 - KnowledgeBase - INFO - Loading one hot encoders.
2023-11-23 00:21:52,146 - KnowledgeBase - INFO - Loading test pca encoders.
2023-11-23 00:21:52,147 - KnowledgeBase - INFO - Loading existing models.
2023-11-23 00:22:26,050 - KnowledgeBase - INFO - Creating an instance of KnowledgeBase.
2023-11-23 00:22:26,051 - KnowledgeBase - INFO - Loading the train sets.
2023-11-23 00:22:26,065 - KnowledgeBase - INFO - Loading the validation sets.
2023-11-23 00:22:26,069 - KnowledgeBase - INFO - Loading test sets.
2023-11-23 00:22:26,140 - KnowledgeBase - INFO - Loading scalers.
2023-11-23 00:22:26,143 - KnowledgeBase - INFO - Loading one hot encoders.
2023-11-23 00:22:26,144 - KnowledgeBase - INFO - Loading test pca encoders.
2023-11-23 00:22:26,145 - KnowledgeBase - INFO - Loading existing models.
2023-11-23 00:24:02,281 - KnowledgeBase - INFO - Creating an instance of KnowledgeBase.
2023-11-23 00:24:02,282 - KnowledgeBase - INFO - Loading the train sets.
2023-11-23 00:24:02,302 - KnowledgeBase - INFO - Loading the validation sets.
2023-11-23 00:24:02,310 - KnowledgeBase - INFO - Loading test sets.
2023-11-23 00:24:02,400 - KnowledgeBase - INFO - Loading scalers.
2023-11-23 00:24:02,404 - KnowledgeBase - INFO - Loading one hot encoders.
2023-11-23 00:24:02,405 - KnowledgeBase - INFO - Loading test pca encoders.
2023-11-23 00:24:02,406 - KnowledgeBase - INFO - Loading existing models.
2023-11-23 00:25:39,866 - KnowledgeBase - INFO - Creating an instance of KnowledgeBase.
2023-11-23 00:25:39,867 - KnowledgeBase - INFO - Loading the train sets.
2023-11-23 00:25:39,880 - KnowledgeBase - INFO - Loading the validation sets.
2023-11-23 00:25:39,884 - KnowledgeBase - INFO - Loading test sets.
2023-11-23 00:25:39,960 - KnowledgeBase - INFO - Loading scalers.
2023-11-23 00:25:39,963 - KnowledgeBase - INFO - Loading one hot encoders.
2023-11-23 00:25:39,964 - KnowledgeBase - INFO - Loading test pca encoders.
2023-11-23 00:25:39,966 - KnowledgeBase - INFO - Loading existing models.
2023-11-23 00:26:50,185 - KnowledgeBase - INFO - Creating an instance of KnowledgeBase.
2023-11-23 00:26:50,186 - KnowledgeBase - INFO - Loading the train sets.
2023-11-23 00:26:50,199 - KnowledgeBase - INFO - Loading the validation sets.
2023-11-23 00:26:50,204 - KnowledgeBase - INFO - Loading test sets.
2023-11-23 00:26:50,282 - KnowledgeBase - INFO - Loading scalers.
2023-11-23 00:26:50,285 - KnowledgeBase - INFO - Loading one hot encoders.
2023-11-23 00:26:50,285 - KnowledgeBase - INFO - Loading test pca encoders.
2023-11-23 00:26:50,287 - KnowledgeBase - INFO - Loading existing models.
2023-11-23 00:30:45,514 - KnowledgeBase - INFO - Creating an instance of KnowledgeBase.
2023-11-23 00:30:45,514 - KnowledgeBase - INFO - Loading the train sets.
2023-11-23 00:30:45,528 - KnowledgeBase - INFO - Loading the validation sets.
2023-11-23 00:30:45,533 - KnowledgeBase - INFO - Loading test sets.
2023-11-23 00:30:45,616 - KnowledgeBase - INFO - Loading scalers.
2023-11-23 00:30:45,619 - KnowledgeBase - INFO - Loading one hot encoders.
2023-11-23 00:30:45,621 - KnowledgeBase - INFO - Loading test pca encoders.
2023-11-23 00:30:45,622 - KnowledgeBase - INFO - Loading existing models.
2023-11-23 00:45:59,140 - KnowledgeBase - INFO - Creating an instance of KnowledgeBase.
2023-11-23 00:45:59,140 - KnowledgeBase - INFO - Loading the train sets.
2023-11-23 00:45:59,156 - KnowledgeBase - INFO - Loading the validation sets.
2023-11-23 00:45:59,161 - KnowledgeBase - INFO - Loading test sets.
2023-11-23 00:45:59,242 - KnowledgeBase - INFO - Loading scalers.
2023-11-23 00:45:59,244 - KnowledgeBase - INFO - Loading one hot encoders.
2023-11-23 00:45:59,245 - KnowledgeBase - INFO - Loading test pca encoders.
2023-11-23 00:45:59,247 - KnowledgeBase - INFO - Loading existing models.
2023-11-23 00:46:47,341 - KnowledgeBase - INFO - Creating an instance of KnowledgeBase.
2023-11-23 00:46:47,341 - KnowledgeBase - INFO - Loading the train sets.
2023-11-23 00:46:47,355 - KnowledgeBase - INFO - Loading the validation sets.
2023-11-23 00:46:47,359 - KnowledgeBase - INFO - Loading test sets.
2023-11-23 00:46:47,433 - KnowledgeBase - INFO - Loading scalers.
2023-11-23 00:46:47,467 - KnowledgeBase - INFO - Loading one hot encoders.
2023-11-23 00:46:47,467 - KnowledgeBase - INFO - Loading test pca encoders.
2023-11-23 00:46:47,471 - KnowledgeBase - INFO - Loading existing models.
