2023-11-20 19:34:26,665 - Runner - INFO - Classification of 22544 test samples:
2023-11-20 19:34:26,665 - Runner - INFO - Anomalies by l1: 7885
2023-11-20 19:34:26,665 - Runner - INFO - Anomalies by l2: 1378
2023-11-20 19:34:26,665 - Runner - INFO - Normal traffic: 27297
2023-11-20 19:34:26,665 - Runner - INFO - Quarantined samples: 643
2023-11-20 19:34:26,669 - Runner - INFO - Average computation time for 22544 samples: 0.000991700365476524
2023-11-20 19:41:17,189 - Runner - INFO - At iterations #1:
2023-11-20 19:41:17,823 - Runner - INFO - At iterations #51:
2023-11-20 19:41:18,385 - Runner - INFO - At iterations #101:
2023-11-20 19:41:18,986 - Runner - INFO - At iterations #151:
2023-11-20 19:41:19,545 - Runner - INFO - At iterations #201:
2023-11-20 19:41:20,161 - Runner - INFO - At iterations #251:
2023-11-20 19:41:20,721 - Runner - INFO - At iterations #301:
2023-11-20 19:41:21,298 - Runner - INFO - At iterations #351:
2023-11-20 19:41:21,875 - Runner - INFO - At iterations #401:
2023-11-20 19:41:22,433 - Runner - INFO - At iterations #451:
2023-11-20 19:41:22,981 - Runner - INFO - At iterations #501:
2023-11-20 19:41:23,633 - Runner - INFO - At iterations #551:
2023-11-20 19:41:24,268 - Runner - INFO - At iterations #601:
2023-11-20 19:41:24,837 - Runner - INFO - At iterations #651:
2023-11-20 19:41:25,315 - Runner - INFO - At iterations #701:
2023-11-20 19:41:25,752 - Runner - INFO - At iterations #751:
2023-11-20 19:41:26,195 - Runner - INFO - At iterations #801:
2023-11-20 19:41:26,663 - Runner - INFO - At iterations #851:
2023-11-20 19:41:27,078 - Runner - INFO - At iterations #901:
2023-11-20 19:41:27,509 - Runner - INFO - At iterations #951:
2023-11-20 19:41:27,928 - Runner - INFO - At iterations #1001:
2023-11-20 19:41:28,359 - Runner - INFO - At iterations #1051:
2023-11-20 19:41:28,795 - Runner - INFO - At iterations #1101:
2023-11-20 19:41:29,290 - Runner - INFO - At iterations #1151:
2023-11-20 19:41:29,770 - Runner - INFO - At iterations #1201:
2023-11-20 19:41:30,235 - Runner - INFO - At iterations #1251:
2023-11-20 19:41:30,712 - Runner - INFO - At iterations #1301:
2023-11-20 19:41:31,181 - Runner - INFO - At iterations #1351:
2023-11-20 19:47:21,151 - Runner - INFO - At iterations #1:
2023-11-20 19:47:21,776 - Runner - INFO - At iterations #51:
2023-11-20 19:47:22,360 - Runner - INFO - At iterations #101:
2023-11-20 19:47:22,913 - Runner - INFO - At iterations #151:
2023-11-20 19:47:23,437 - Runner - INFO - At iterations #201:
2023-11-20 19:47:24,037 - Runner - INFO - At iterations #251:
2023-11-20 19:47:24,582 - Runner - INFO - At iterations #301:
2023-11-20 19:47:25,131 - Runner - INFO - At iterations #351:
2023-11-20 19:47:25,713 - Runner - INFO - At iterations #401:
2023-11-20 19:47:26,254 - Runner - INFO - At iterations #451:
2023-11-20 19:47:26,804 - Runner - INFO - At iterations #501:
2023-11-20 19:47:27,391 - Runner - INFO - At iterations #551:
2023-11-20 19:47:27,981 - Runner - INFO - At iterations #601:
2023-11-20 19:47:28,520 - Runner - INFO - At iterations #651:
2023-11-20 19:47:29,046 - Runner - INFO - At iterations #701:
2023-11-20 19:47:29,466 - Runner - INFO - At iterations #751:
2023-11-20 19:47:29,921 - Runner - INFO - At iterations #801:
2023-11-20 19:47:30,389 - Runner - INFO - At iterations #851:
2023-11-20 19:47:30,805 - Runner - INFO - At iterations #901:
2023-11-20 19:47:31,258 - Runner - INFO - At iterations #951:
2023-11-20 19:47:31,661 - Runner - INFO - At iterations #1001:
2023-11-20 19:47:32,083 - Runner - INFO - At iterations #1051:
2023-11-20 19:47:32,525 - Runner - INFO - At iterations #1101:
2023-11-20 19:47:33,017 - Runner - INFO - At iterations #1151:
2023-11-20 19:47:33,461 - Runner - INFO - At iterations #1201:
2023-11-20 19:47:33,883 - Runner - INFO - At iterations #1251:
2023-11-20 19:47:34,319 - Runner - INFO - At iterations #1301:
2023-11-20 19:47:34,733 - Runner - INFO - At iterations #1351:
2023-11-20 19:47:35,180 - Runner - INFO - At iterations #1401:
2023-11-20 19:47:35,621 - Runner - INFO - At iterations #1451:
2023-11-20 19:47:36,066 - Runner - INFO - At iterations #1501:
2023-11-20 19:47:36,539 - Runner - INFO - At iterations #1551:
2023-11-20 19:47:36,969 - Runner - INFO - At iterations #1601:
2023-11-20 19:47:37,428 - Runner - INFO - At iterations #1651:
2023-11-20 19:47:37,882 - Runner - INFO - At iterations #1701:
2023-11-20 19:47:38,308 - Runner - INFO - At iterations #1751:
2023-11-20 19:47:38,771 - Runner - INFO - At iterations #1801:
2023-11-20 19:47:39,189 - Runner - INFO - At iterations #1851:
2023-11-20 19:47:39,647 - Runner - INFO - At iterations #1901:
2023-11-20 19:47:40,057 - Runner - INFO - At iterations #1951:
2023-11-20 19:47:40,506 - Runner - INFO - At iterations #2001:
2023-11-20 19:47:40,967 - Runner - INFO - At iterations #2051:
2023-11-20 19:47:41,421 - Runner - INFO - At iterations #2101:
2023-11-20 19:47:41,853 - Runner - INFO - At iterations #2151:
2023-11-20 19:47:42,291 - Runner - INFO - At iterations #2201:
2023-11-20 19:47:42,709 - Runner - INFO - At iterations #2251:
2023-11-20 19:47:43,163 - Runner - INFO - At iterations #2301:
2023-11-20 19:47:43,611 - Runner - INFO - At iterations #2351:
2023-11-20 19:47:44,065 - Runner - INFO - At iterations #2401:
2023-11-20 19:47:44,523 - Runner - INFO - At iterations #2451:
2023-11-20 19:47:44,983 - Runner - INFO - At iterations #2501:
2023-11-20 19:47:45,473 - Runner - INFO - At iterations #2551:
2023-11-20 19:47:45,960 - Runner - INFO - At iterations #2601:
2023-11-20 19:47:46,417 - Runner - INFO - At iterations #2651:
2023-11-20 19:47:46,894 - Runner - INFO - At iterations #2701:
2023-11-20 19:47:47,333 - Runner - INFO - At iterations #2751:
2023-11-20 19:47:47,798 - Runner - INFO - At iterations #2801:
2023-11-20 19:47:48,242 - Runner - INFO - At iterations #2851:
2023-11-20 19:47:48,739 - Runner - INFO - At iterations #2901:
2023-11-20 19:47:49,322 - Runner - INFO - At iterations #2951:
2023-11-20 19:47:49,802 - Runner - INFO - At iterations #3001:
2023-11-20 19:47:50,293 - Runner - INFO - At iterations #3051:
2023-11-20 19:47:50,773 - Runner - INFO - At iterations #3101:
2023-11-20 19:47:51,252 - Runner - INFO - At iterations #3151:
2023-11-20 19:57:09,562 - Runner - INFO - At iterations #1:
2023-11-20 19:57:10,189 - Runner - INFO - At iterations #51:
2023-11-20 19:57:10,757 - Runner - INFO - At iterations #101:
2023-11-20 19:57:11,305 - Runner - INFO - At iterations #151:
2023-11-20 19:57:11,817 - Runner - INFO - At iterations #201:
2023-11-20 19:57:12,384 - Runner - INFO - At iterations #251:
2023-11-20 19:57:12,557 - Runner - ERROR - Caught tprException: 
Traceback (most recent call last):
  File "C:\Users\marco\PycharmProjects\IDS_Thesis\Runner.py", line 83, in run
    self.infrastructure.ids.metrics.monitor_metrics()
  File "C:\Users\marco\PycharmProjects\IDS_Thesis\Metrics.py", line 195, in monitor_metrics
    raise tprException
CustomExceptions.tprException
2023-11-20 20:06:26,097 - Runner - INFO - At iterations #1:
2023-11-20 20:06:26,725 - Runner - INFO - At iterations #51:
2023-11-20 20:06:27,283 - Runner - INFO - At iterations #101:
2023-11-20 20:06:27,827 - Runner - INFO - At iterations #151:
2023-11-20 20:06:28,344 - Runner - INFO - At iterations #201:
2023-11-20 20:06:28,968 - Runner - INFO - At iterations #251:
2023-11-20 20:06:29,089 - Runner - ERROR - Caught tprException: 
Traceback (most recent call last):
  File "C:\Users\marco\PycharmProjects\IDS_Thesis\Runner.py", line 83, in run
    self.infrastructure.ids.metrics.monitor_metrics()
  File "C:\Users\marco\PycharmProjects\IDS_Thesis\Metrics.py", line 195, in monitor_metrics
    raise tprException
CustomExceptions.tprException
2023-11-20 20:13:43,382 - Runner - INFO - At iterations #1:
2023-11-20 20:13:44,027 - Runner - INFO - At iterations #51:
2023-11-20 20:13:44,589 - Runner - INFO - At iterations #101:
2023-11-20 20:13:45,148 - Runner - INFO - At iterations #151:
2023-11-20 20:13:45,689 - Runner - INFO - At iterations #201:
2023-11-20 20:13:46,281 - Runner - INFO - At iterations #251:
2023-11-20 20:13:46,376 - Runner - ERROR - Caught tprException: 
Traceback (most recent call last):
  File "C:\Users\marco\PycharmProjects\IDS_Thesis\Runner.py", line 83, in run
    self.infrastructure.ids.metrics.monitor_metrics()
  File "C:\Users\marco\PycharmProjects\IDS_Thesis\Metrics.py", line 195, in monitor_metrics
    raise tprException
CustomExceptions.tprException
2023-11-20 20:20:30,242 - Runner - INFO - At iterations #1:
2023-11-20 20:20:30,859 - Runner - INFO - At iterations #51:
2023-11-20 20:20:31,429 - Runner - INFO - At iterations #101:
2023-11-20 20:20:32,018 - Runner - INFO - At iterations #151:
2023-11-20 20:20:32,560 - Runner - INFO - At iterations #201:
2023-11-20 20:20:33,162 - Runner - INFO - At iterations #251:
2023-11-20 20:21:33,037 - Runner - INFO - At iterations #1:
2023-11-20 20:21:33,669 - Runner - INFO - At iterations #51:
2023-11-20 20:21:34,232 - Runner - INFO - At iterations #101:
2023-11-20 20:21:34,789 - Runner - INFO - At iterations #151:
2023-11-20 20:21:35,317 - Runner - INFO - At iterations #201:
2023-11-20 20:21:35,894 - Runner - INFO - At iterations #251:
2023-11-20 20:21:36,019 - Runner - ERROR - Caught tprException: 
Traceback (most recent call last):
  File "C:\Users\marco\PycharmProjects\IDS_Thesis\Runner.py", line 83, in run
    self.infrastructure.ids.metrics.monitor_metrics()
  File "C:\Users\marco\PycharmProjects\IDS_Thesis\Metrics.py", line 195, in monitor_metrics
    raise tprException
CustomExceptions.tprException
2023-11-20 20:38:28,913 - Runner - INFO - At iterations #1:
2023-11-20 20:38:29,459 - Runner - INFO - At iterations #51:
2023-11-20 20:38:30,027 - Runner - INFO - At iterations #101:
2023-11-20 20:38:30,577 - Runner - INFO - At iterations #151:
2023-11-20 20:38:31,113 - Runner - INFO - At iterations #201:
2023-11-20 20:38:31,692 - Runner - INFO - At iterations #251:
2023-11-20 20:38:31,897 - Runner - ERROR - Caught accuracyException: 
Traceback (most recent call last):
  File "C:\Users\marco\PycharmProjects\IDS_Thesis\Runner.py", line 83, in run
    self.infrastructure.ids.metrics.monitor_metrics()
  File "C:\Users\marco\PycharmProjects\IDS_Thesis\Metrics.py", line 183, in monitor_metrics
    raise accuracyException
CustomExceptions.accuracyException
2023-11-20 20:49:19,971 - Runner - INFO - At iterations #1:
2023-11-20 20:49:20,748 - Runner - INFO - At iterations #51:
2023-11-20 20:49:21,346 - Runner - INFO - At iterations #101:
2023-11-20 20:49:21,909 - Runner - INFO - At iterations #151:
2023-11-20 20:49:22,432 - Runner - INFO - At iterations #201:
2023-11-20 20:49:22,949 - Runner - ERROR - Caught accuracyException: 
Traceback (most recent call last):
  File "C:\Users\marco\PycharmProjects\IDS_Thesis\Runner.py", line 83, in run
    self.infrastructure.ids.metrics.monitor_metrics()
  File "C:\Users\marco\PycharmProjects\IDS_Thesis\Metrics.py", line 183, in monitor_metrics
    raise accuracyException
CustomExceptions.accuracyException
2023-11-20 20:49:23,006 - Runner - INFO - At iterations #251:
2023-11-20 20:50:09,800 - Runner - INFO - At iterations #1:
2023-11-20 20:50:10,448 - Runner - INFO - At iterations #51:
2023-11-20 20:50:11,019 - Runner - INFO - At iterations #101:
2023-11-20 20:50:11,573 - Runner - INFO - At iterations #151:
2023-11-20 20:50:12,108 - Runner - INFO - At iterations #201:
2023-11-20 20:50:12,691 - Runner - INFO - At iterations #251:
2023-11-20 20:50:12,785 - Runner - ERROR - Caught accuracyException: 
Traceback (most recent call last):
  File "C:\Users\marco\PycharmProjects\IDS_Thesis\Runner.py", line 83, in run
    self.infrastructure.ids.metrics.monitor_metrics()
  File "C:\Users\marco\PycharmProjects\IDS_Thesis\Metrics.py", line 183, in monitor_metrics
    raise accuracyException
CustomExceptions.accuracyException
2023-11-20 20:51:26,955 - Runner - INFO - At iterations #1:
2023-11-20 20:51:27,534 - Runner - INFO - At iterations #51:
2023-11-20 20:51:28,095 - Runner - INFO - At iterations #101:
2023-11-20 20:51:28,631 - Runner - INFO - At iterations #151:
2023-11-20 20:51:29,165 - Runner - INFO - At iterations #201:
2023-11-20 20:51:29,728 - Runner - INFO - At iterations #251:
2023-11-20 20:51:29,948 - Runner - ERROR - Caught accuracyException: 
Traceback (most recent call last):
  File "C:\Users\marco\PycharmProjects\IDS_Thesis\Runner.py", line 83, in run
    self.infrastructure.ids.metrics.monitor_metrics()
  File "C:\Users\marco\PycharmProjects\IDS_Thesis\Metrics.py", line 183, in monitor_metrics
    raise accuracyException
CustomExceptions.accuracyException
2023-11-20 20:54:34,252 - Runner - INFO - At iterations #1:
2023-11-20 20:54:34,877 - Runner - INFO - At iterations #51:
2023-11-20 20:54:35,445 - Runner - INFO - At iterations #101:
2023-11-20 20:54:35,996 - Runner - INFO - At iterations #151:
2023-11-20 20:54:36,520 - Runner - INFO - At iterations #201:
2023-11-20 20:54:37,086 - Runner - INFO - At iterations #251:
2023-11-20 20:54:37,241 - Runner - ERROR - Caught accuracyException: 
Traceback (most recent call last):
  File "C:\Users\marco\PycharmProjects\IDS_Thesis\Runner.py", line 83, in run
    self.infrastructure.ids.metrics.monitor_metrics()
  File "C:\Users\marco\PycharmProjects\IDS_Thesis\Metrics.py", line 183, in monitor_metrics
    raise accuracyException
CustomExceptions.accuracyException
2023-11-20 20:57:21,623 - Runner - ERROR - Caught accuracyException: 
Traceback (most recent call last):
  File "C:\Users\marco\PycharmProjects\IDS_Thesis\Runner.py", line 83, in run
    self.infrastructure.ids.metrics.monitor_metrics()
  File "C:\Users\marco\PycharmProjects\IDS_Thesis\Metrics.py", line 183, in monitor_metrics
    raise accuracyException
CustomExceptions.accuracyException
2023-11-20 21:03:20,108 - Runner - INFO - At iterations #1:
2023-11-20 21:03:20,674 - Runner - INFO - At iterations #51:
2023-11-20 21:03:21,231 - Runner - INFO - At iterations #101:
2023-11-20 21:03:21,760 - Runner - INFO - At iterations #151:
2023-11-20 21:03:22,299 - Runner - INFO - At iterations #201:
2023-11-20 21:03:22,853 - Runner - INFO - At iterations #251:
2023-11-20 21:03:23,382 - Runner - INFO - At iterations #301:
2023-11-20 21:03:23,913 - Runner - INFO - At iterations #351:
2023-11-20 21:03:24,470 - Runner - INFO - At iterations #401:
2023-11-20 21:03:25,025 - Runner - INFO - At iterations #451:
2023-11-20 21:03:25,558 - Runner - INFO - At iterations #501:
2023-11-20 21:03:26,142 - Runner - INFO - At iterations #551:
2023-11-20 21:03:26,691 - Runner - INFO - At iterations #601:
2023-11-20 21:03:27,229 - Runner - INFO - At iterations #651:
2023-11-20 21:03:27,806 - Runner - INFO - At iterations #701:
2023-11-20 21:03:28,351 - Runner - INFO - At iterations #751:
2023-11-20 21:03:28,928 - Runner - INFO - At iterations #801:
2023-11-20 21:03:29,454 - Runner - INFO - At iterations #851:
2023-11-20 21:03:29,859 - Runner - INFO - At iterations #901:
2023-11-20 21:03:30,294 - Runner - INFO - At iterations #951:
2023-11-20 21:03:30,711 - Runner - INFO - At iterations #1001:
2023-11-20 21:03:31,121 - Runner - INFO - At iterations #1051:
2023-11-20 21:03:31,549 - Runner - INFO - At iterations #1101:
2023-11-20 21:03:32,027 - Runner - INFO - At iterations #1151:
2023-11-20 21:03:32,457 - Runner - INFO - At iterations #1201:
2023-11-20 21:03:32,868 - Runner - INFO - At iterations #1251:
2023-11-20 21:03:33,291 - Runner - INFO - At iterations #1301:
2023-11-20 21:03:33,718 - Runner - INFO - At iterations #1351:
2023-11-20 21:03:34,163 - Runner - INFO - At iterations #1401:
2023-11-20 21:03:34,603 - Runner - INFO - At iterations #1451:
2023-11-20 21:03:35,034 - Runner - INFO - At iterations #1501:
2023-11-20 21:03:35,098 - Runner - ERROR - Caught accuracyException: 
Traceback (most recent call last):
  File "C:\Users\marco\PycharmProjects\IDS_Thesis\Runner.py", line 82, in run
    self.infrastructure.ids.metrics.monitor_metrics()
  File "C:\Users\marco\PycharmProjects\IDS_Thesis\Metrics.py", line 183, in monitor_metrics
    raise accuracyException
CustomExceptions.accuracyException
2023-11-20 21:06:25,913 - Runner - ERROR - Caught accuracyException: 
Traceback (most recent call last):
  File "C:\Users\marco\PycharmProjects\IDS_Thesis\Runner.py", line 82, in run
    self.infrastructure.ids.metrics.monitor_metrics()
  File "C:\Users\marco\PycharmProjects\IDS_Thesis\Metrics.py", line 183, in monitor_metrics
    raise accuracyException
CustomExceptions.accuracyException
2023-11-20 21:17:49,822 - Runner - INFO - At iterations #1:
2023-11-20 21:17:50,680 - Runner - INFO - At iterations #51:
2023-11-20 21:17:51,255 - Runner - INFO - At iterations #101:
2023-11-20 21:17:51,826 - Runner - INFO - At iterations #151:
2023-11-20 21:17:52,385 - Runner - INFO - At iterations #201:
2023-11-20 21:17:52,953 - Runner - INFO - At iterations #251:
2023-11-20 21:17:53,501 - Runner - INFO - At iterations #301:
2023-11-20 21:17:54,058 - Runner - INFO - At iterations #351:
2023-11-20 21:17:54,632 - Runner - INFO - At iterations #401:
2023-11-20 21:17:55,185 - Runner - INFO - At iterations #451:
2023-11-20 21:17:55,725 - Runner - INFO - At iterations #501:
2023-11-20 21:17:56,297 - Runner - INFO - At iterations #551:
2023-11-20 21:17:56,923 - Runner - INFO - At iterations #601:
2023-11-20 21:17:57,456 - Runner - INFO - At iterations #651:
2023-11-20 21:17:57,968 - Runner - INFO - At iterations #701:
2023-11-20 21:17:58,384 - Runner - INFO - At iterations #751:
2023-11-20 21:17:58,831 - Runner - INFO - At iterations #801:
2023-11-20 21:17:59,287 - Runner - INFO - At iterations #851:
2023-11-20 21:17:59,688 - Runner - INFO - At iterations #901:
2023-11-20 21:18:00,127 - Runner - INFO - At iterations #951:
2023-11-20 21:18:00,535 - Runner - INFO - At iterations #1001:
2023-11-20 21:18:00,969 - Runner - INFO - At iterations #1051:
2023-11-20 21:18:01,409 - Runner - INFO - At iterations #1101:
2023-11-20 21:18:01,895 - Runner - INFO - At iterations #1151:
2023-11-20 21:18:02,324 - Runner - INFO - At iterations #1201:
2023-11-20 21:18:02,746 - Runner - INFO - At iterations #1251:
2023-11-20 21:18:03,181 - Runner - INFO - At iterations #1301:
2023-11-20 21:18:03,614 - Runner - INFO - At iterations #1351:
2023-11-20 21:18:04,064 - Runner - INFO - At iterations #1401:
2023-11-20 21:18:04,500 - Runner - INFO - At iterations #1451:
2023-11-20 21:18:04,807 - Runner - ERROR - Caught accuracyException: 
Traceback (most recent call last):
  File "C:\Users\marco\PycharmProjects\IDS_Thesis\Runner.py", line 82, in run
    self.infrastructure.ids.metrics.monitor_metrics()
  File "C:\Users\marco\PycharmProjects\IDS_Thesis\Metrics.py", line 183, in monitor_metrics
    raise accuracyException
CustomExceptions.accuracyException
2023-11-20 21:20:54,813 - Runner - ERROR - Caught accuracyException: 
Traceback (most recent call last):
  File "C:\Users\marco\PycharmProjects\IDS_Thesis\Runner.py", line 82, in run
    self.infrastructure.ids.metrics.monitor_metrics()
  File "C:\Users\marco\PycharmProjects\IDS_Thesis\Metrics.py", line 183, in monitor_metrics
    raise accuracyException
CustomExceptions.accuracyException
